<?xml version="1.0" encoding="UTF-8"?>
<testng-results skipped="0" failed="0" ignored="0" total="3" passed="3">
  <reporter-output>
  </reporter-output>
  <suite name="Default suite" duration-ms="4877" started-at="2023-07-18T13:39:00Z" finished-at="2023-07-18T13:39:05Z">
    <groups>
    </groups>
    <test name="Default test" duration-ms="4877" started-at="2023-07-18T13:39:00Z" finished-at="2023-07-18T13:39:05Z">
      <class name="File.DynamicJson">
        <test-method status="PASS" signature="addBook(java.lang.String, java.lang.String)[pri:0, instance:File.DynamicJson@7085bdee]" name="addBook" duration-ms="4091" started-at="2023-07-18T13:39:00Z" data-provider="Booksdata" finished-at="2023-07-18T13:39:04Z">
          <params>
            <param index="0">
              <value>
                <![CDATA[ghs]]>
              </value>
            </param>
            <param index="1">
              <value>
                <![CDATA[1212]]>
              </value>
            </param>
          </params>
          <reporter-output>
          </reporter-output>
        </test-method> <!-- addBook -->
        <test-method status="PASS" signature="addBook(java.lang.String, java.lang.String)[pri:0, instance:File.DynamicJson@7085bdee]" name="addBook" duration-ms="243" started-at="2023-07-18T13:39:04Z" data-provider="Booksdata" finished-at="2023-07-18T13:39:04Z">
          <params>
            <param index="0">
              <value>
                <![CDATA[bhsd]]>
              </value>
            </param>
            <param index="1">
              <value>
                <![CDATA[484]]>
              </value>
            </param>
          </params>
          <reporter-output>
          </reporter-output>
        </test-method> <!-- addBook -->
        <test-method status="PASS" signature="addBook(java.lang.String, java.lang.String)[pri:0, instance:File.DynamicJson@7085bdee]" name="addBook" duration-ms="492" started-at="2023-07-18T13:39:04Z" data-provider="Booksdata" finished-at="2023-07-18T13:39:05Z">
          <params>
            <param index="0">
              <value>
                <![CDATA[hai]]>
              </value>
            </param>
            <param index="1">
              <value>
                <![CDATA[1121]]>
              </value>
            </param>
          </params>
          <reporter-output>
          </reporter-output>
        </test-method> <!-- addBook -->
      </class> <!-- File.DynamicJson -->
    </test> <!-- Default test -->
  </suite> <!-- Default suite -->
</testng-results>
